[2016.01.21-22.07.42:523][  0]Log file open, 01/21/16 23:07:42
[2016.01.21-22.07.42:523][  0]LogInit:Display: Running engine for game: GW_DD
[2016.01.21-22.07.42:523][  0]LogInit:Display: RandInit(-1489531718) SRandInit(-1489531717).
[2016.01.21-22.07.42:523][  0]LogTaskGraph: Started task graph with 4 named threads and 7 total threads.
[2016.01.21-22.07.42:523][  0]LogStats: Stats thread started at 0.068067
[2016.01.21-22.07.42:523][  0]LogInit: Version: 4.9.2-2707645+++depot+UE4-Releases+4.9
[2016.01.21-22.07.42:523][  0]LogInit: API Version: 2672455
[2016.01.21-22.07.42:523][  0]LogInit: Compiled (64-bit): Sep 28 2015 10:25:44
[2016.01.21-22.07.42:523][  0]LogInit: Compiled with Visual C++: 18.00.21005.01
[2016.01.21-22.07.42:523][  0]LogInit: Build Configuration: Development
[2016.01.21-22.07.42:523][  0]LogInit: Branch Name: ++depot+UE4-Releases+4.9
[2016.01.21-22.07.42:523][  0]LogInit: Command line:  
[2016.01.21-22.07.42:523][  0]LogInit: Base directory: C:/Program Files (x86)/Epic Games/4.9/Engine/Binaries/Win64/
[2016.01.21-22.07.42:523][  0]LogInit: Rocket: 1
[2016.01.21-22.07.42:529][  0]LogInit: Using libcurl 7.41.0
[2016.01.21-22.07.42:529][  0]LogInit:  - built for x86_64-pc-win32
[2016.01.21-22.07.42:529][  0]LogInit:  - supports SSL with WinSSL
[2016.01.21-22.07.42:529][  0]LogInit:  - other features:
[2016.01.21-22.07.42:529][  0]LogInit:      CURL_VERSION_SSL
[2016.01.21-22.07.42:529][  0]LogInit:      CURL_VERSION_IPV6
[2016.01.21-22.07.42:529][  0]LogInit:      CURL_VERSION_ASYNCHDNS
[2016.01.21-22.07.42:529][  0]LogInit:      CURL_VERSION_LARGEFILE
[2016.01.21-22.07.42:529][  0]LogInit:      CURL_VERSION_IDN
[2016.01.21-22.07.42:529][  0]LogInit:  CurlRequestOptions (configurable via config and command line):
[2016.01.21-22.07.42:529][  0]LogInit:  - bVerifyPeer = true  - Libcurl will verify peer certificate
[2016.01.21-22.07.42:529][  0]LogInit:  - bUseHttpProxy = false  - Libcurl will NOT use HTTP proxy
[2016.01.21-22.07.42:529][  0]LogInit:  - bDontReuseConnections = false  - Libcurl will reuse connections
[2016.01.21-22.07.42:529][  0]LogInit:  - CertBundlePath = nullptr  - Libcurl will use whatever was configured at build time.
[2016.01.21-22.07.42:534][  0]LogInit: Presizing for 0 objects not considered by GC, pre-allocating 0 bytes.
[2016.01.21-22.07.42:539][  0]LogInit: Object subsystem initialized
[2016.01.21-22.07.42:544][  0]LogInit: Selected Device Profile: [Windows]
[2016.01.21-22.07.42:544][  0]LogInit: Applying CVar settings loaded from the selected device profile: [Windows]
[2016.01.21-22.07.42:554][  0]LogInit: Computer: BTODRIES2016
[2016.01.21-22.07.42:554][  0]LogInit: User: dries
[2016.01.21-22.07.42:554][  0]LogInit: CPU Page size=4096, Cores=4
[2016.01.21-22.07.42:554][  0]LogInit: High frequency timer resolution =3.914065 MHz
[2016.01.21-22.07.42:554][  0]LogMemory: Memory total: Physical=8.0GB (8GB approx)
[2016.01.21-22.07.42:554][  0]LogMemory: Platform Memory Stats for Windows
[2016.01.21-22.07.42:554][  0]LogMemory: Process Physical Memory: 54.37 MB used, 54.37 MB peak
[2016.01.21-22.07.42:554][  0]LogMemory: Process Virtual Memory: 57.53 MB used, 57.53 MB peak
[2016.01.21-22.07.42:554][  0]LogMemory: Physical Memory: 2410.69 MB used, 8149.82 MB total
[2016.01.21-22.07.42:554][  0]LogMemory: Virtual Memory: 372.79 MB used, 134217728.00 MB total
[2016.01.21-22.07.42:583][  0]LogTextLocalizationManager: No specific translations for ('en-US') exist, so ('en') translations will be used.
[2016.01.21-22.07.43:146][  0]LogD3D11RHI: Found D3D11 adapter 0: NVIDIA GeForce GTX 980M                      (Feature Level 11_0)
[2016.01.21-22.07.43:146][  0]LogD3D11RHI: Adapter has 8092MB of dedicated video memory, 0MB of dedicated system memory, and 4074MB of shared system memory, 2 output[s]
[2016.01.21-22.07.43:147][  0]LogD3D11RHI: Found D3D11 adapter 1: Microsoft Basic Render Driver (Feature Level 11_0)
[2016.01.21-22.07.43:147][  0]LogD3D11RHI: Adapter has 0MB of dedicated video memory, 0MB of dedicated system memory, and 4074MB of shared system memory, 0 output[s]
[2016.01.21-22.07.43:147][  0]LogD3D11RHI: Chosen D3D11 Adapter Id = 0
[2016.01.21-22.07.43:150][  0]LogD3D11RHI: !Direct3DDevice
[2016.01.21-22.07.43:150][  0]LogRHI: Texture pool is 1361 MB (70% of 1945 MB)
[2016.01.21-22.07.43:161][  0]LogD3D11RHI: Async texture creation enabled
[2016.01.21-22.07.43:496][  0]LogShaderCompilers: Guid format shader working directory is 15 characters bigger than the processId version (../../../../../../Unreal/GW_DD/Intermediate/Shaders/WorkingDirectory/3724/).
[2016.01.21-22.07.43:496][  0]LogShaderCompilers: Cleaned the shader compiler working directory '../../../../../../Unreal/GW_DD/Intermediate/Shaders/tmp/0CC3D0394046355C1927F3857D2FBDE4/'.
[2016.01.21-22.07.43:496][  0]LogShaderCompilers:Display: Using Local Shader Compiler.
[2016.01.21-22.07.44:677][  0]LogTemp:Display: Loaded TP AllDesktopTargetPlatform
[2016.01.21-22.07.44:681][  0]LogTemp:Display: Loaded TP WindowsClientTargetPlatform
[2016.01.21-22.07.44:686][  0]LogTemp:Display: Loaded TP WindowsNoEditorTargetPlatform
[2016.01.21-22.07.44:690][  0]LogTemp:Display: Loaded TP WindowsServerTargetPlatform
[2016.01.21-22.07.44:695][  0]LogTemp:Display: Loaded TP WindowsTargetPlatform
[2016.01.21-22.07.44:699][  0]LogTemp:Display: Loaded TP AndroidTargetPlatform
[2016.01.21-22.07.44:702][  0]LogTemp:Display: Loaded TP Android_ASTCTargetPlatform
[2016.01.21-22.07.44:705][  0]LogTemp:Display: Loaded TP Android_ATCTargetPlatform
[2016.01.21-22.07.44:708][  0]LogTemp:Display: Loaded TP Android_DXTTargetPlatform
[2016.01.21-22.07.44:711][  0]LogTemp:Display: Loaded TP Android_ETC1TargetPlatform
[2016.01.21-22.07.44:715][  0]LogTemp:Display: Loaded TP Android_ETC2TargetPlatform
[2016.01.21-22.07.44:718][  0]LogTemp:Display: Loaded TP Android_PVRTCTargetPlatform
[2016.01.21-22.07.44:719][  0]LogTemp:Display: Loaded TP HTML5TargetPlatform
[2016.01.21-22.07.44:739][  0]LogTemp:Display: Loaded TP IOSTargetPlatform
[2016.01.21-22.07.44:742][  0]LogTemp:Display: Loaded TP LinuxNoEditorTargetPlatform
[2016.01.21-22.07.44:745][  0]LogTemp:Display: Loaded TP LinuxServerTargetPlatform
[2016.01.21-22.07.44:750][  0]LogTemp:Display: Loaded TP LinuxTargetPlatform
[2016.01.21-22.07.44:750][  0]LogTargetPlatformManager:Display: Building Assets For Windows
[2016.01.21-22.07.44:834][  0]LogDerivedDataCache:Display: Max Cache Size: 512 MB
[2016.01.21-22.07.44:919][  0]LogDerivedDataCache: Loaded boot cache 0.09s 12MB C:/Users/dries/AppData/Local/UnrealEngine/4.9/DerivedDataCache/Boot.ddc.
[2016.01.21-22.07.44:919][  0]LogDerivedDataCache:Display: Loaded Boot cache: C:/Users/dries/AppData/Local/UnrealEngine/4.9/DerivedDataCache/Boot.ddc
[2016.01.21-22.07.44:919][  0]LogDerivedDataCache: FDerivedDataBackendGraph:  Pak pak cache file ../../../../../../Unreal/GW_DD/DerivedDataCache/DDC.ddp not found, will not use a pak cache.
[2016.01.21-22.07.44:919][  0]LogDerivedDataCache: Unable to find inner node Pak for hierarchical cache Hierarchy.
[2016.01.21-22.07.44:920][  0]LogDerivedDataCache: FDerivedDataBackendGraph:  CompressedPak pak cache file ../../../../../../Unreal/GW_DD/DerivedDataCache/Compressed.ddp not found, will not use a pak cache.
[2016.01.21-22.07.44:920][  0]LogDerivedDataCache: Unable to find inner node CompressedPak for hierarchical cache Hierarchy.
[2016.01.21-22.07.45:031][  0]LogDerivedDataCache:Display: Pak cache opened for reading ../../../Engine/DerivedDataCache/Compressed.ddp.
[2016.01.21-22.07.45:043][  0]LogDerivedDataCache: Using Local data cache path C:/Users/dries/AppData/Local/UnrealEngine/Common/DerivedDataCache: Writable
[2016.01.21-22.07.46:205][  0]LogInit: Selected Device Profile: [Windows]
[2016.01.21-22.07.46:209][  0]LogContentStreaming: Texture pool size is 0.000000MB
[2016.01.21-22.07.46:311][  0]LogMeshUtilities: No automatic mesh reduction module available
[2016.01.21-22.07.46:311][  0]LogMeshUtilities: No automatic mesh merging module available
[2016.01.21-22.07.46:770][  0]LogInit: WinSock: version 1.1 (2.2), MaxSocks=32767, MaxUdp=65467
[2016.01.21-22.07.48:577][  0]LogAssetRegistry: FAssetRegistry took 0.0112 seconds to start up
[2016.01.21-22.07.48:677][  0]UdpMessaging: Initializing bridge on interface 0.0.0.0:0 to multicast group 230.0.0.1:6666.
[2016.01.21-22.07.49:113][  0]SourceControl: Info Source control is disabled
[2016.01.21-22.07.49:113][  0]SourceControl: Info Source control is disabled
[2016.01.21-22.07.49:122][  0]SourceControl: Info Source control is disabled
[2016.01.21-22.07.49:130][  0]SourceControl: Info Source control is disabled
[2016.01.21-22.07.49:266][  0]LogLinker:Warning: Asset '../../../Engine/Plugins/Runtime/LeapMotionController/Content/LM_PassthroughMaterial.uasset' has been saved with empty engine version. The asset will be loaded but may be incompatible.
[2016.01.21-22.07.49:335][  0]LogObj: 28528 objects as part of root set at end of initial load.
[2016.01.21-22.07.49:335][  0]LogUObjectAllocator: 6068464 out of 0 bytes used by permanent object pool.
[2016.01.21-22.07.49:403][  0]LogEngine: Initializing Engine...
[2016.01.21-22.07.49:405][  0]LogHMD: Can't find Oculus library dev build: is proper Runtime installed? Version: 0.7.0.0
[2016.01.21-22.07.49:405][  0]LogHMD: SteamVR failed to initialize.  Err: 110
[2016.01.21-22.07.49:648][  0]LogAIModule: Creating AISystem for world NewWorld
[2016.01.21-22.07.49:653][  0]LogInit: XAudio2 using 'Speakers (Realtek High Definition Audio)' : 2 channels at 48 kHz using 32 bits per sample (channel mask 0x3)
[2016.01.21-22.07.49:677][  0]LogInit: FAudioDevice initialized.
[2016.01.21-22.07.49:695][  0]LogDerivedDataCache: Saved boot cache 0.02s 47MB C:/Users/dries/AppData/Local/UnrealEngine/4.9/DerivedDataCache/Boot.ddc.
[2016.01.21-22.07.49:700][  0]LogInit: Texture streaming: Enabled
[2016.01.21-22.07.49:705][  0]LogAnalytics: Creating configured Analytics provider AnalyticsET
[2016.01.21-22.07.49:705][  0]LogAnalytics: [UEEditor.Rocket.Release] APIServer = http://et2.epicgames.com/ET2/. AppVersion = 4.9.2-2707645+++depot+UE4-Releases+4.9
[2016.01.21-22.07.49:706][  0]LogAnalytics: [UEEditor.Rocket.Release] SetUserId 7574c8fc42f87fcf3ee9f2ab2633cbea|94017c0753f3430b91f9b3d9d4405014|905d52b5-dad7-4f83-aa96-2451a52921b7
[2016.01.21-22.07.49:706][  0]LogAnalytics: [UEEditor.Rocket.Release] AnalyticsET::StartSession
[2016.01.21-22.07.49:738][  0]LogInit: Transaction tracking system initialized
[2016.01.21-22.07.49:820][  0]BlueprintLog: New page: Editor Load
[2016.01.21-22.07.49:904][  0]LocalizationService: Info Localization service is disabled
[2016.01.21-22.07.50:063][  0]LogConsoleResponse:Display: 
[2016.01.21-22.07.50:446][  0]LogCook:Display: Done creating registry. It took  0.00s.
[2016.01.21-22.07.50:516][  0]LogFileCache: Scanning file cache for directory 'C:/Unreal/GW_DD/Content/' took 0.02s
[2016.01.21-22.07.50:516][  0]SourceControl: Info Source control is disabled
[2016.01.21-22.07.50:516][  0]Cmd: MAP LOAD FILE="../../../../../../Unreal/GW_DD/Content/Levels/Main.umap" TEMPLATE=0 SHOWPROGRESS=1 FEATURELEVEL=3
[2016.01.21-22.07.50:517][  0]LightingResults: New page: Lighting Build
[2016.01.21-22.07.50:519][  0]MapCheck: New page: Map Check
[2016.01.21-22.07.50:519][  0]LightingResults: New page: Lighting Build
[2016.01.21-22.07.50:528][  0]LogParticles: Destroying 0 GPU particle simulations for FXSystem 0x0000023FF1340E00
[2016.01.21-22.07.51:828][  0]LogLinker:Warning: CreateExport: Failed to load Parent for Function /Game/Blueprints/BP_Car_Closed.BP_Car_Closed_C:UserConstructionScript; removing parent information, but keeping function
[2016.01.21-22.07.53:313][  0]LogAIModule: Creating AISystem for world Main
[2016.01.21-22.07.53:323][  0]LogPhysics:Warning: PHYSX: d:\buildfarm\buildmachine_++depot+ue4\engine\source\thirdparty\notforlicensees\physx\physx_3.3\source\physx\src\NpRigidBodyTemplate.h (437) 4 : RigidBody::setRigidBodyFlag: kinematic bodies with CCD enabled are not supported! CCD will be ignored.
[2016.01.21-22.07.53:329][  0]LogPhysics:Warning: PHYSX: d:\buildfarm\buildmachine_++depot+ue4\engine\source\thirdparty\notforlicensees\physx\physx_3.3\source\physx\src\NpRigidBodyTemplate.h (437) 4 : RigidBody::setRigidBodyFlag: kinematic bodies with CCD enabled are not supported! CCD will be ignored.
[2016.01.21-22.07.53:335][  0]LogPhysics:Warning: PHYSX: d:\buildfarm\buildmachine_++depot+ue4\engine\source\thirdparty\notforlicensees\physx\physx_3.3\source\physx\src\NpRigidBodyTemplate.h (437) 4 : RigidBody::setRigidBodyFlag: kinematic bodies with CCD enabled are not supported! CCD will be ignored.
[2016.01.21-22.07.53:340][  0]LogPhysics:Warning: PHYSX: d:\buildfarm\buildmachine_++depot+ue4\engine\source\thirdparty\notforlicensees\physx\physx_3.3\source\physx\src\NpRigidBodyTemplate.h (437) 4 : RigidBody::setRigidBodyFlag: kinematic bodies with CCD enabled are not supported! CCD will be ignored.
[2016.01.21-22.07.53:346][  0]LogStaticMesh:Warning: Cached component instance data transform did not match!  Discarding cached lighting data which will cause lighting to be unbuilt.
/Game/Levels/Main.Main:PersistentLevel.BP_LightStudio_125.Skybox
Current X=1500.000000 Y=1450.000000 Z=750.000000 Cached X=1500.000000 Y=1450.000000 Z=750.000000
[2016.01.21-22.07.53:380][  0]LogPhysics:Warning: PHYSX: d:\buildfarm\buildmachine_++depot+ue4\engine\source\thirdparty\notforlicensees\physx\physx_3.3\source\physx\src\NpRigidBodyTemplate.h (437) 4 : RigidBody::setRigidBodyFlag: kinematic bodies with CCD enabled are not supported! CCD will be ignored.
[2016.01.21-22.07.53:394][  0]LogPhysics:Warning: PHYSX: d:\buildfarm\buildmachine_++depot+ue4\engine\source\thirdparty\notforlicensees\physx\physx_3.3\source\physx\src\NpRigidBodyTemplate.h (437) 4 : RigidBody::setRigidBodyFlag: kinematic bodies with CCD enabled are not supported! CCD will be ignored.
[2016.01.21-22.07.53:394][  0]LogPhysics:Warning: PHYSX: d:\buildfarm\buildmachine_++depot+ue4\engine\source\thirdparty\notforlicensees\physx\physx_3.3\source\physx\src\NpRigidBodyTemplate.h (437) 4 : RigidBody::setRigidBodyFlag: kinematic bodies with CCD enabled are not supported! CCD will be ignored.
[2016.01.21-22.07.53:439][  0]LogPhysics:Warning: PHYSX: d:\buildfarm\buildmachine_++depot+ue4\engine\source\thirdparty\notforlicensees\physx\physx_3.3\source\physx\src\NpRigidBodyTemplate.h (437) 4 : RigidBody::setRigidBodyFlag: kinematic bodies with CCD enabled are not supported! CCD will be ignored.
[2016.01.21-22.07.53:453][  0]LogPhysics:Warning: PHYSX: d:\buildfarm\buildmachine_++depot+ue4\engine\source\thirdparty\notforlicensees\physx\physx_3.3\source\physx\src\NpRigidBodyTemplate.h (437) 4 : RigidBody::setRigidBodyFlag: kinematic bodies with CCD enabled are not supported! CCD will be ignored.
[2016.01.21-22.07.53:453][  0]LogPhysics:Warning: PHYSX: d:\buildfarm\buildmachine_++depot+ue4\engine\source\thirdparty\notforlicensees\physx\physx_3.3\source\physx\src\NpRigidBodyTemplate.h (437) 4 : RigidBody::setRigidBodyFlag: kinematic bodies with CCD enabled are not supported! CCD will be ignored.
[2016.01.21-22.07.53:497][  0]LogPhysics:Warning: PHYSX: d:\buildfarm\buildmachine_++depot+ue4\engine\source\thirdparty\notforlicensees\physx\physx_3.3\source\physx\src\NpRigidBodyTemplate.h (437) 4 : RigidBody::setRigidBodyFlag: kinematic bodies with CCD enabled are not supported! CCD will be ignored.
[2016.01.21-22.07.53:511][  0]LogPhysics:Warning: PHYSX: d:\buildfarm\buildmachine_++depot+ue4\engine\source\thirdparty\notforlicensees\physx\physx_3.3\source\physx\src\NpRigidBodyTemplate.h (437) 4 : RigidBody::setRigidBodyFlag: kinematic bodies with CCD enabled are not supported! CCD will be ignored.
[2016.01.21-22.07.53:512][  0]LogPhysics:Warning: PHYSX: d:\buildfarm\buildmachine_++depot+ue4\engine\source\thirdparty\notforlicensees\physx\physx_3.3\source\physx\src\NpRigidBodyTemplate.h (437) 4 : RigidBody::setRigidBodyFlag: kinematic bodies with CCD enabled are not supported! CCD will be ignored.
[2016.01.21-22.07.53:556][  0]LogPhysics:Warning: PHYSX: d:\buildfarm\buildmachine_++depot+ue4\engine\source\thirdparty\notforlicensees\physx\physx_3.3\source\physx\src\NpRigidBodyTemplate.h (437) 4 : RigidBody::setRigidBodyFlag: kinematic bodies with CCD enabled are not supported! CCD will be ignored.
[2016.01.21-22.07.53:571][  0]LogPhysics:Warning: PHYSX: d:\buildfarm\buildmachine_++depot+ue4\engine\source\thirdparty\notforlicensees\physx\physx_3.3\source\physx\src\NpRigidBodyTemplate.h (437) 4 : RigidBody::setRigidBodyFlag: kinematic bodies with CCD enabled are not supported! CCD will be ignored.
[2016.01.21-22.07.53:571][  0]LogPhysics:Warning: PHYSX: d:\buildfarm\buildmachine_++depot+ue4\engine\source\thirdparty\notforlicensees\physx\physx_3.3\source\physx\src\NpRigidBodyTemplate.h (437) 4 : RigidBody::setRigidBodyFlag: kinematic bodies with CCD enabled are not supported! CCD will be ignored.
[2016.01.21-22.07.53:587][  0]LogEditorServer: Finished looking for orphan Actors (0.000 secs)
[2016.01.21-22.07.53:588][  0]Cmd: MAP CHECKDEP NOCLEARLOG
[2016.01.21-22.07.53:653][  0]MapCheck: Info Map check complete: 0 Error(s), 0 Warning(s), took 65.311ms to complete.
[2016.01.21-22.07.53:653][  0]LogFileHelpers: Loading map 'Main' took 3.137
[2016.01.21-22.07.53:841][  0]LogCrashTracker: Crashtracker disabled due to settings.
[2016.01.21-22.07.53:855][  0]LogUObjectGlobals:Warning: Failed to find object 'Class None.'
[2016.01.21-22.07.53:877][  0]LogLoad: Full Startup: 11.76 seconds (BP compile: 0.85 seconds)
[2016.01.21-22.07.53:980][  0]LogContentStreaming: Texture pool size now 1000 MB
[2016.01.21-22.07.54:105][  0]LogRenderer: Reallocating scene render targets to support 1136x912 (Frame:2).
[2016.01.21-22.07.54:402][  5]LogAssetRegistry: Asset discovery search completed in 5.8365 seconds
[2016.01.21-22.07.54:410][  5]LogCollectionManager: Loaded 0 collections in 0.003244 seconds
[2016.01.21-22.07.54:444][  5]LogFileCache: Scanning file cache for directory 'C:/Unreal/GW_DD/Saved/Collections/' took 0.01s
[2016.01.21-22.07.54:444][  5]LogFileCache: Scanning file cache for directory 'C:/Unreal/GW_DD/Content/Developers/dries/Collections/' took 0.01s
[2016.01.21-22.07.54:444][  5]LogFileCache: Scanning file cache for directory 'C:/Unreal/GW_DD/Content/Collections/' took 0.01s
[2016.01.21-22.07.54:444][  5]LogCollectionManager: Rebuilt the object cache for 0 collections in 0.000002 seconds (found 0 objects)
[2016.01.21-22.07.54:444][  5]LogCollectionManager: Fixed up redirectors for 0 collections in 0.000119 seconds (updated 0 objects)
[2016.01.21-22.07.57:937][212]LogBlueprintUserMessages: Early PlayInEditor Detection: Level '/Game/Levels/Main.Main:PersistentLevel' has LevelScriptBlueprint '/Game/Levels/Main.Main:PersistentLevel.Main' with GeneratedClass '/Game/Levels/Main.Main_C' with ClassGeneratedBy '/Game/Levels/Main.Main:PersistentLevel.Main'
[2016.01.21-22.07.57:937][212]LogPlayLevel: PlayLevel: No blueprints needed recompiling
[2016.01.21-22.07.57:937][212]PIE: New page: PIE session: Main (Jan 22, 2016, 12:07:57 AM)
[2016.01.21-22.07.57:938][212]LogLinker:Warning: Can't find file '/Game/CarGameInstance'
[2016.01.21-22.07.57:938][212]LogLinker:Warning: Can't find file '/Game/CarGameInstance'
[2016.01.21-22.07.57:938][212]LogUObjectGlobals:Warning: Failed to find object 'Class /Game/CarGameInstance.CarGameInstance_C'
[2016.01.21-22.07.57:938][212]LogPlayLevel: Creating play world package: /Game/Levels/UEDPIE_0_Main
[2016.01.21-22.07.58:085][212]LogPlayLevel: PIE: StaticDuplicateObject took: (0.146803s)
[2016.01.21-22.07.58:085][212]LogAIModule: Creating AISystem for world Main
[2016.01.21-22.07.58:085][212]LogPlayLevel: PIE: World Init took: (0.000538s)
[2016.01.21-22.07.58:086][212]LogPlayLevel: PIE: Created PIE world by copying editor world from /Game/Levels/Main.Main to /Game/Levels/UEDPIE_0_Main.Main (0.147561s)
[2016.01.21-22.07.58:165][212]LogInit: XAudio2 using 'Speakers (Realtek High Definition Audio)' : 2 channels at 48 kHz using 32 bits per sample (channel mask 0x3)
[2016.01.21-22.07.58:171][212]LogInit: FAudioDevice initialized.
[2016.01.21-22.07.58:221][212]LogWorld: Game class is 'GameMode'
[2016.01.21-22.07.58:285][212]LogWorld: Bringing World /Game/Levels/UEDPIE_0_Main.Main up for play (max tick rate 60) at 2016.01.21-23.07.58
[2016.01.21-22.07.58:285][212]LogActor:Warning: GameSession /Game/Levels/UEDPIE_0_Main.Main:PersistentLevel.GameSession_0 has natively added scene component(s), but none of them were set as the actor's RootComponent - picking one arbitrarily
[2016.01.21-22.07.58:285][212]LogActor:Warning: GameNetworkManager /Game/Levels/UEDPIE_0_Main.Main:PersistentLevel.GameNetworkManager_0 has natively added scene component(s), but none of them were set as the actor's RootComponent - picking one arbitrarily
[2016.01.21-22.07.58:288][212]LogWorld: Bringing up level for play took: 0.066607
[2016.01.21-22.07.58:290][212]Cmd: r.Shadow.RadiusThreshold 0.01
[2016.01.21-22.07.58:290][212]r.Shadow.RadiusThreshold = "0.03"
[2016.01.21-22.07.58:290][212]Cmd: r.Shadow.TexelsPerPixel 4
[2016.01.21-22.07.58:290][212]r.Shadow.TexelsPerPixel = "4"
[2016.01.21-22.07.58:291][212]PIE: Info Play in editor start time for /Game/Levels/UEDPIE_0_Main 0.07
[2016.01.21-22.07.58:291][212]LogBlueprintUserMessages: Late PlayInEditor Detection: Level '/Game/Levels/Main.Main:PersistentLevel' has LevelScriptBlueprint '/Game/Levels/Main.Main:PersistentLevel.Main' with GeneratedClass '/Game/Levels/Main.Main_C' with ClassGeneratedBy '/Game/Levels/Main.Main:PersistentLevel.Main'
[2016.01.21-22.08.04:334][563]LogPhysics:Warning: PHYSX: d:\buildfarm\buildmachine_++depot+ue4\engine\source\thirdparty\notforlicensees\physx\physx_3.3\source\physx\src\NpRigidBodyTemplate.h (437) 4 : RigidBody::setRigidBodyFlag: kinematic bodies with CCD enabled are not supported! CCD will be ignored.
[2016.01.21-22.08.04:348][563]LogPhysics:Warning: PHYSX: d:\buildfarm\buildmachine_++depot+ue4\engine\source\thirdparty\notforlicensees\physx\physx_3.3\source\physx\src\NpRigidBodyTemplate.h (437) 4 : RigidBody::setRigidBodyFlag: kinematic bodies with CCD enabled are not supported! CCD will be ignored.
[2016.01.21-22.08.04:368][563]LogPhysics:Warning: PHYSX: d:\buildfarm\buildmachine_++depot+ue4\engine\source\thirdparty\notforlicensees\physx\physx_3.3\source\physx\src\NpRigidBodyTemplate.h (437) 4 : RigidBody::setRigidBodyFlag: kinematic bodies with CCD enabled are not supported! CCD will be ignored.
[2016.01.21-22.08.04:382][563]LogPhysics:Warning: PHYSX: d:\buildfarm\buildmachine_++depot+ue4\engine\source\thirdparty\notforlicensees\physx\physx_3.3\source\physx\src\NpRigidBodyTemplate.h (437) 4 : RigidBody::setRigidBodyFlag: kinematic bodies with CCD enabled are not supported! CCD will be ignored.
[2016.01.21-22.08.04:403][563]LogPhysics:Warning: PHYSX: d:\buildfarm\buildmachine_++depot+ue4\engine\source\thirdparty\notforlicensees\physx\physx_3.3\source\physx\src\NpRigidBodyTemplate.h (437) 4 : RigidBody::setRigidBodyFlag: kinematic bodies with CCD enabled are not supported! CCD will be ignored.
[2016.01.21-22.08.04:416][563]LogPhysics:Warning: PHYSX: d:\buildfarm\buildmachine_++depot+ue4\engine\source\thirdparty\notforlicensees\physx\physx_3.3\source\physx\src\NpRigidBodyTemplate.h (437) 4 : RigidBody::setRigidBodyFlag: kinematic bodies with CCD enabled are not supported! CCD will be ignored.
[2016.01.21-22.08.04:437][563]LogPhysics:Warning: PHYSX: d:\buildfarm\buildmachine_++depot+ue4\engine\source\thirdparty\notforlicensees\physx\physx_3.3\source\physx\src\NpRigidBodyTemplate.h (437) 4 : RigidBody::setRigidBodyFlag: kinematic bodies with CCD enabled are not supported! CCD will be ignored.
[2016.01.21-22.08.04:451][563]LogPhysics:Warning: PHYSX: d:\buildfarm\buildmachine_++depot+ue4\engine\source\thirdparty\notforlicensees\physx\physx_3.3\source\physx\src\NpRigidBodyTemplate.h (437) 4 : RigidBody::setRigidBodyFlag: kinematic bodies with CCD enabled are not supported! CCD will be ignored.
[2016.01.21-22.08.12:310][ 32]LogBlueprintUserMessages: Early EndPlayMap Detection: Level '/Game/Levels/Main.Main:PersistentLevel' has LevelScriptBlueprint '/Game/Levels/Main.Main:PersistentLevel.Main' with GeneratedClass '/Game/Levels/Main.Main_C' with ClassGeneratedBy '/Game/Levels/Main.Main:PersistentLevel.Main'
[2016.01.21-22.08.12:314][ 32]LogPhysics:Warning: PHYSX: d:\buildfarm\buildmachine_++depot+ue4\engine\source\thirdparty\notforlicensees\physx\physx_3.3\source\physx\src\NpRigidBodyTemplate.h (437) 4 : RigidBody::setRigidBodyFlag: kinematic bodies with CCD enabled are not supported! CCD will be ignored.
[2016.01.21-22.08.12:318][ 32]LogPhysics:Warning: PHYSX: d:\buildfarm\buildmachine_++depot+ue4\engine\source\thirdparty\notforlicensees\physx\physx_3.3\source\physx\src\NpRigidBodyTemplate.h (437) 4 : RigidBody::setRigidBodyFlag: kinematic bodies with CCD enabled are not supported! CCD will be ignored.
[2016.01.21-22.08.12:321][ 32]LogPhysics:Warning: PHYSX: d:\buildfarm\buildmachine_++depot+ue4\engine\source\thirdparty\notforlicensees\physx\physx_3.3\source\physx\src\NpRigidBodyTemplate.h (437) 4 : RigidBody::setRigidBodyFlag: kinematic bodies with CCD enabled are not supported! CCD will be ignored.
[2016.01.21-22.08.12:325][ 32]LogPhysics:Warning: PHYSX: d:\buildfarm\buildmachine_++depot+ue4\engine\source\thirdparty\notforlicensees\physx\physx_3.3\source\physx\src\NpRigidBodyTemplate.h (437) 4 : RigidBody::setRigidBodyFlag: kinematic bodies with CCD enabled are not supported! CCD will be ignored.
[2016.01.21-22.08.12:361][ 32]LogBlueprintUserMessages: Late EndPlayMap Detection: Level '/Game/Levels/Main.Main:PersistentLevel' has LevelScriptBlueprint '/Game/Levels/Main.Main:PersistentLevel.Main' with GeneratedClass '/Game/Levels/Main.Main_C' with ClassGeneratedBy '/Game/Levels/Main.Main:PersistentLevel.Main'
[2016.01.21-22.08.12:379][ 32]LogParticles: Destroying 0 GPU particle simulations for FXSystem 0x0000023F88381760
[2016.01.21-22.08.13:500][ 96]LogWindowsTextInputMethodSystem:Display: IME system now deactivated.
[2016.01.21-22.08.13:703][ 97]Cmd: QUIT_EDITOR
[2016.01.21-22.08.15:068][ 97]LogExit: Preparing to exit.
[2016.01.21-22.08.15:737][ 97]LogExit: Editor shut down
[2016.01.21-22.08.15:737][ 97]LogExit: Transaction tracking system shut down
[2016.01.21-22.08.15:744][ 97]LogParticles: Destroying 0 GPU particle simulations for FXSystem 0x0000023FFB955DA0
[2016.01.21-22.08.15:744][ 97]LogParticles: Destroying 0 GPU particle simulations for FXSystem 0x0000023F8B60F880
[2016.01.21-22.08.15:841][ 97]LogExit: Object subsystem successfully closed.
[2016.01.21-22.08.15:854][ 97]LogD3D11RHI: Shutdown
[2016.01.21-22.08.15:854][ 97]LogD3D11RHI: CleanupD3DDevice
[2016.01.21-22.08.15:922][ 97]LogD3D11RHI: ~FD3D11DynamicRHI
[2016.01.21-22.08.15:934][ 97]LogModuleManager: Shutting down and abandoning module CollectionManager (196)
[2016.01.21-22.08.15:935][ 97]LogModuleManager: Shutting down and abandoning module CrashTracker (195)
[2016.01.21-22.08.15:935][ 97]LogModuleManager: Shutting down and abandoning module SuperSearch (194)
[2016.01.21-22.08.15:935][ 97]LogModuleManager: Shutting down and abandoning module SceneOutliner (193)
[2016.01.21-22.08.15:935][ 97]LogModuleManager: Shutting down and abandoning module StatsViewer (192)
[2016.01.21-22.08.15:935][ 97]LogModuleManager: Shutting down and abandoning module FoliageEdit (191)
[2016.01.21-22.08.15:935][ 97]LogModuleManager: Shutting down and abandoning module LandscapeEditor (190)
[2016.01.21-22.08.15:935][ 97]LogModuleManager: Shutting down and abandoning module ActorPickerMode (189)
[2016.01.21-22.08.15:935][ 97]LogModuleManager: Shutting down and abandoning module GeometryMode (188)
[2016.01.21-22.08.15:935][ 97]LogModuleManager: Shutting down and abandoning module TextureAlignMode (187)
[2016.01.21-22.08.15:935][ 97]LogModuleManager: Shutting down and abandoning module BspMode (186)
[2016.01.21-22.08.15:935][ 97]LogModuleManager: Shutting down and abandoning module PlacementMode (185)
[2016.01.21-22.08.15:935][ 97]LogModuleManager: Shutting down and abandoning module AutomationWorker (184)
[2016.01.21-22.08.15:935][ 97]LogModuleManager: Shutting down and abandoning module CharacterAI (183)
[2016.01.21-22.08.15:935][ 97]LogModuleManager: Shutting down and abandoning module SmartSnapping (182)
[2016.01.21-22.08.15:935][ 97]LogModuleManager: Shutting down and abandoning module ViewportSnapping (181)
[2016.01.21-22.08.15:935][ 97]LogModuleManager: Shutting down and abandoning module LogVisualizer (180)
[2016.01.21-22.08.15:935][ 97]LogModuleManager: Shutting down and abandoning module GameProjectGeneration (179)
[2016.01.21-22.08.15:935][ 97]LogModuleManager: Shutting down and abandoning module IntroTutorials (178)
[2016.01.21-22.08.15:935][ 97]LogModuleManager: Shutting down and abandoning module EditorLiveStreaming (177)
[2016.01.21-22.08.15:935][ 97]LogModuleManager: Shutting down and abandoning module IOSPlatformEditor (176)
[2016.01.21-22.08.15:935][ 97]LogModuleManager: Shutting down and abandoning module HTML5PlatformEditor (175)
[2016.01.21-22.08.15:935][ 97]LogModuleManager: Shutting down and abandoning module AndroidDeviceDetection (174)
[2016.01.21-22.08.15:944][ 97]LogModuleManager: Shutting down and abandoning module AndroidPlatformEditor (173)
[2016.01.21-22.08.15:944][ 97]LogModuleManager: Shutting down and abandoning module IOSRuntimeSettings (172)
[2016.01.21-22.08.15:944][ 97]LogModuleManager: Shutting down and abandoning module AndroidRuntimeSettings (171)
[2016.01.21-22.08.15:944][ 97]LogModuleManager: Shutting down and abandoning module MergeActors (170)
[2016.01.21-22.08.15:944][ 97]LogModuleManager: Shutting down and abandoning module SizeMap (169)
[2016.01.21-22.08.15:944][ 97]LogModuleManager: Shutting down and abandoning module TreeMap (168)
[2016.01.21-22.08.15:944][ 97]LogModuleManager: Shutting down and abandoning module ReferenceViewer (167)
[2016.01.21-22.08.15:944][ 97]LogModuleManager: Shutting down and abandoning module LocalizationService (166)
[2016.01.21-22.08.15:944][ 97]LogModuleManager: Shutting down and abandoning module LocalizationDashboard (165)
[2016.01.21-22.08.15:944][ 97]LogModuleManager: Shutting down and abandoning module HardwareTargeting (164)
[2016.01.21-22.08.15:944][ 97]LogModuleManager: Shutting down and abandoning module DeviceProfileEditor (163)
[2016.01.21-22.08.15:944][ 97]LogModuleManager: Shutting down and abandoning module UndoHistory (162)
[2016.01.21-22.08.15:944][ 97]LogModuleManager: Shutting down and abandoning module GameplayTagsEditor (161)
[2016.01.21-22.08.15:944][ 97]LogModuleManager: Shutting down and abandoning module UserFeedback (160)
[2016.01.21-22.08.15:944][ 97]LogModuleManager: Shutting down and abandoning module XmlParser (159)
[2016.01.21-22.08.15:944][ 97]LogModuleManager: Shutting down and abandoning module Blutility (158)
[2016.01.21-22.08.15:944][ 97]LogModuleManager: Shutting down and abandoning module ProjectTargetPlatformEditor (157)
[2016.01.21-22.08.15:944][ 97]LogModuleManager: Shutting down and abandoning module ProjectSettingsViewer (156)
[2016.01.21-22.08.15:944][ 97]LogModuleManager: Shutting down and abandoning module InputBindingEditor (155)
[2016.01.21-22.08.15:944][ 97]LogModuleManager: Shutting down and abandoning module EditorSettingsViewer (154)
[2016.01.21-22.08.15:944][ 97]LogModuleManager: Shutting down and abandoning module SettingsEditor (153)
[2016.01.21-22.08.15:944][ 97]LogModuleManager: Shutting down and abandoning module ProjectLauncher (152)
[2016.01.21-22.08.15:944][ 97]LogModuleManager: Shutting down and abandoning module SessionFrontend (151)
[2016.01.21-22.08.15:944][ 97]LogModuleManager: Shutting down and abandoning module ProfilerClient (150)
[2016.01.21-22.08.15:944][ 97]LogModuleManager: Shutting down and abandoning module TargetDeviceServices (149)
[2016.01.21-22.08.15:944][ 97]LogModuleManager: Shutting down and abandoning module DeviceManager (148)
[2016.01.21-22.08.15:944][ 97]LogModuleManager: Shutting down and abandoning module AutomationController (147)
[2016.01.21-22.08.15:944][ 97]LogModuleManager: Shutting down and abandoning module AutomationWindow (146)
[2016.01.21-22.08.15:944][ 97]LogModuleManager: Shutting down and abandoning module Layers (145)
[2016.01.21-22.08.15:944][ 97]LogModuleManager: Shutting down and abandoning module ComponentVisualizers (144)
[2016.01.21-22.08.15:944][ 97]LogModuleManager: Shutting down and abandoning module DetailCustomizations (143)
[2016.01.21-22.08.15:944][ 97]LogModuleManager: Shutting down and abandoning module PackagesDialog (142)
[2016.01.21-22.08.15:944][ 97]LogModuleManager: Shutting down and abandoning module Persona (141)
[2016.01.21-22.08.15:944][ 97]LogModuleManager: Shutting down and abandoning module Kismet (140)
[2016.01.21-22.08.15:944][ 97]LogModuleManager: Shutting down and abandoning module GraphEditor (139)
[2016.01.21-22.08.15:945][ 97]LogModuleManager: Shutting down and abandoning module ClassViewer (138)
[2016.01.21-22.08.15:945][ 97]LogModuleManager: Shutting down and abandoning module Toolbox (137)
[2016.01.21-22.08.15:945][ 97]LogModuleManager: Shutting down and abandoning module ModuleUI (136)
[2016.01.21-22.08.15:945][ 97]LogModuleManager: Shutting down and abandoning module MovieSceneTools (135)
[2016.01.21-22.08.15:945][ 97]LogModuleManager: Shutting down and abandoning module OutputLog (134)
[2016.01.21-22.08.15:945][ 97]LogModuleManager: Shutting down and abandoning module GammaUI (133)
[2016.01.21-22.08.15:945][ 97]LogModuleManager: Shutting down and abandoning module Documentation (132)
[2016.01.21-22.08.15:945][ 97]LogModuleManager: Shutting down and abandoning module GameLiveStreaming (131)
[2016.01.21-22.08.15:945][ 97]LogModuleManager: Shutting down and abandoning module StreamingPauseRendering (130)
[2016.01.21-22.08.15:945][ 97]LogModuleManager: Shutting down and abandoning module AnalyticsET (129)
[2016.01.21-22.08.15:945][ 97]LogModuleManager: Shutting down and abandoning module Analytics (128)
[2016.01.21-22.08.15:945][ 97]LogModuleManager: Shutting down and abandoning module AITestSuite (127)
[2016.01.21-22.08.15:945][ 97]LogModuleManager: Shutting down and abandoning module GameplayDebugger (126)
[2016.01.21-22.08.15:945][ 97]LogModuleManager: Shutting down and abandoning module AIModule (125)
[2016.01.21-22.08.15:945][ 97]LogModuleManager: Shutting down and abandoning module ProfilerService (124)
[2016.01.21-22.08.16:127][ 97]LogModuleManager: Shutting down and abandoning module TaskGraph (123)
[2016.01.21-22.08.16:127][ 97]LogModuleManager: Shutting down and abandoning module SubstanceEditor (122)
[2016.01.21-22.08.16:127][ 97]LogModuleManager: Shutting down and abandoning module SlateRemote (121)
[2016.01.21-22.08.16:127][ 97]LogModuleManager: Shutting down and abandoning module SteamVRController (120)
[2016.01.21-22.08.16:127][ 97]LogModuleManager: Shutting down and abandoning module SteamVR (119)
[2016.01.21-22.08.16:127][ 97]LogModuleManager: Shutting down and abandoning module ProceduralMeshComponent (118)
[2016.01.21-22.08.16:127][ 97]LogModuleManager: Shutting down and abandoning module OculusRift (117)
[2016.01.21-22.08.16:127][ 97]LogModuleManager: Shutting down and abandoning module OculusLibrary (116)
[2016.01.21-22.08.16:127][ 97]LogModuleManager: Shutting down and abandoning module LeapMotionController (115)
[2016.01.21-22.08.16:137][ 97]LogModuleManager: Shutting down and abandoning module CustomMeshComponent (114)
[2016.01.21-22.08.16:137][ 97]LogModuleManager: Shutting down and abandoning module CableComponent (113)
[2016.01.21-22.08.16:137][ 97]LogModuleManager: Shutting down and abandoning module ArchVisCharacter (112)
[2016.01.21-22.08.16:137][ 97]LogModuleManager: Shutting down and abandoning module MessagingDebugger (111)
[2016.01.21-22.08.16:137][ 97]LogModuleManager: Shutting down and abandoning module MediaPlayerEditor (110)
[2016.01.21-22.08.16:137][ 97]LogModuleManager: Shutting down and abandoning module HTML5Networking (109)
[2016.01.21-22.08.16:137][ 97]LogModuleManager: Shutting down and abandoning module SpeedTreeImporter (108)
[2016.01.21-22.08.16:137][ 97]LogModuleManager: Shutting down and abandoning module PluginBrowser (107)
[2016.01.21-22.08.16:137][ 97]LogModuleManager: Shutting down and abandoning module EpicSurvey (106)
[2016.01.21-22.08.16:137][ 97]LogModuleManager: Shutting down and abandoning module DesktopPlatform (105)
[2016.01.21-22.08.16:137][ 97]LogModuleManager: Shutting down and abandoning module VisualStudioSourceCodeAccess (104)
[2016.01.21-22.08.16:137][ 97]LogModuleManager: Shutting down and abandoning module UObjectPlugin (103)
[2016.01.21-22.08.16:137][ 97]LogModuleManager: Shutting down and abandoning module SubversionSourceControl (102)
[2016.01.21-22.08.16:137][ 97]LogModuleManager: Shutting down and abandoning module PerforceSourceControl (101)
[2016.01.21-22.08.16:137][ 97]LogModuleManager: Shutting down and abandoning module SourceControl (100)
[2016.01.21-22.08.16:137][ 97]LogModuleManager: Shutting down and abandoning module GitSourceControl (99)
[2016.01.21-22.08.16:137][ 97]LogModuleManager: Shutting down and abandoning module LightPropagationVolumeEditor (98)
[2016.01.21-22.08.16:137][ 97]LogModuleManager: Shutting down and abandoning module PaperTiledImporter (97)
[2016.01.21-22.08.16:137][ 97]LogModuleManager: Shutting down and abandoning module PaperSpriteSheetImporter (96)
[2016.01.21-22.08.16:137][ 97]LogModuleManager: Shutting down and abandoning module MeshPaint (95)
[2016.01.21-22.08.16:137][ 97]LogModuleManager: Shutting down and abandoning module SlateReflector (94)
[2016.01.21-22.08.16:137][ 97]LogModuleManager: Shutting down and abandoning module HotReload (93)
[2016.01.21-22.08.16:137][ 97]LogModuleManager: Shutting down and abandoning module MainFrame (92)
[2016.01.21-22.08.16:137][ 97]LogModuleManager: Shutting down and abandoning module LevelEditor (91)
[2016.01.21-22.08.16:138][ 97]LogModuleManager: Shutting down and abandoning module ContentBrowser (90)
[2016.01.21-22.08.16:138][ 97]LogModuleManager: Shutting down and abandoning module Paper2DEditor (89)
[2016.01.21-22.08.16:138][ 97]LogModuleManager: Shutting down and abandoning module UdpMessaging (88)
[2016.01.21-22.08.16:238][ 97]LogModuleManager: Shutting down and abandoning module DirectoryWatcher (87)
[2016.01.21-22.08.16:238][ 97]LogModuleManager: Shutting down and abandoning module AssetRegistry (86)
[2016.01.21-22.08.16:319][ 97]LogModuleManager: Shutting down and abandoning module SubstanceCore (85)
[2016.01.21-22.08.16:319][ 97]LogModuleManager: Shutting down and abandoning module LightPropagationVolumeRuntime (84)
[2016.01.21-22.08.16:319][ 97]LogModuleManager: Shutting down and abandoning module Paper2D (83)
[2016.01.21-22.08.16:319][ 97]LogModuleManager: Shutting down and abandoning module WindowsMoviePlayer (82)
[2016.01.21-22.08.16:323][ 97]LogModuleManager: Shutting down and abandoning module Media (81)
[2016.01.21-22.08.16:323][ 97]LogModuleManager: Shutting down and abandoning module WmfMedia (80)
[2016.01.21-22.08.16:323][ 97]LogModuleManager: Shutting down and abandoning module OnlineBlueprintSupport (79)
[2016.01.21-22.08.16:323][ 97]LogModuleManager: Shutting down and abandoning module GameplayTasksEditor (78)
[2016.01.21-22.08.16:323][ 97]LogModuleManager: Shutting down and abandoning module PropertyEditor (77)
[2016.01.21-22.08.16:323][ 97]LogModuleManager: Shutting down and abandoning module BehaviorTreeEditor (76)
[2016.01.21-22.08.16:323][ 97]LogModuleManager: Shutting down and abandoning module FunctionalTesting (75)
[2016.01.21-22.08.16:323][ 97]LogModuleManager: Shutting down and abandoning module CollisionAnalyzer (74)
[2016.01.21-22.08.16:323][ 97]LogModuleManager: Shutting down and abandoning module WorkspaceMenuStructure (73)
[2016.01.21-22.08.16:323][ 97]LogModuleManager: Shutting down and abandoning module MessageLog (72)
[2016.01.21-22.08.16:323][ 97]LogModuleManager: Shutting down and abandoning module Sequencer (71)
[2016.01.21-22.08.16:323][ 97]LogModuleManager: Shutting down and abandoning module AssetTools (70)
[2016.01.21-22.08.16:323][ 97]LogModuleManager: Shutting down and abandoning module UMGEditor (69)
[2016.01.21-22.08.16:323][ 97]LogModuleManager: Shutting down and abandoning module UMG (68)
[2016.01.21-22.08.16:323][ 97]LogModuleManager: Shutting down and abandoning module Slate (67)
[2016.01.21-22.08.16:323][ 97]LogModuleManager: Shutting down and abandoning module EditorStyle (66)
[2016.01.21-22.08.16:325][ 97]LogModuleManager: Shutting down and abandoning module SessionServices (65)
[2016.01.21-22.08.16:325][ 97]LogModuleManager: Shutting down and abandoning module SourceCodeAccess (64)
[2016.01.21-22.08.16:325][ 97]LogModuleManager: Shutting down and abandoning module HeadMountedDisplay (63)
[2016.01.21-22.08.16:325][ 97]LogModuleManager: Shutting down and abandoning module XAudio2 (62)
[2016.01.21-22.08.16:325][ 97]LogModuleManager: Shutting down and abandoning module Networking (60)
[2016.01.21-22.08.16:325][ 97]LogModuleManager: Shutting down and abandoning module Core (59)
[2016.01.21-22.08.16:325][ 97]LogModuleManager: Shutting down and abandoning module KismetCompiler (58)
[2016.01.21-22.08.16:325][ 97]LogModuleManager: Shutting down and abandoning module PhysXFormats (57)
[2016.01.21-22.08.16:325][ 97]LogModuleManager: Shutting down and abandoning module MeshUtilities (56)
[2016.01.21-22.08.16:325][ 97]LogModuleManager: Shutting down and abandoning module CookingStats (55)
[2016.01.21-22.08.16:327][ 97]LogModuleManager: Shutting down and abandoning module DerivedDataCache (54)
[2016.01.21-22.08.16:551][ 97]LogDerivedDataCache: Shutdown
[2016.01.21-22.08.16:551][ 97]LogModuleManager: Shutting down and abandoning module ShaderFormatOpenGL (53)
[2016.01.21-22.08.16:551][ 97]LogModuleManager: Shutting down and abandoning module ShaderFormatD3D (52)
[2016.01.21-22.08.16:551][ 97]LogModuleManager: Shutting down and abandoning module MetalShaderFormat (51)
[2016.01.21-22.08.16:551][ 97]LogModuleManager: Shutting down and abandoning module TextureFormatUncompressed (50)
[2016.01.21-22.08.16:551][ 97]LogModuleManager: Shutting down and abandoning module TextureFormatPVR (49)
[2016.01.21-22.08.16:551][ 97]LogModuleManager: Shutting down and abandoning module TextureFormatIntelISPCTexComp (48)
[2016.01.21-22.08.16:551][ 97]LogModuleManager: Shutting down and abandoning module TextureFormatDXT (47)
[2016.01.21-22.08.16:551][ 97]LogModuleManager: Shutting down and abandoning module ImageWrapper (46)
[2016.01.21-22.08.16:551][ 97]LogModuleManager: Shutting down and abandoning module TextureFormatASTC (45)
[2016.01.21-22.08.16:551][ 97]LogModuleManager: Shutting down and abandoning module TextureFormatAndroid (44)
[2016.01.21-22.08.16:551][ 97]LogModuleManager: Shutting down and abandoning module AudioFormatOpus (43)
[2016.01.21-22.08.16:551][ 97]LogModuleManager: Shutting down and abandoning module AudioFormatOgg (42)
[2016.01.21-22.08.16:551][ 97]LogModuleManager: Shutting down and abandoning module AudioFormatADPCM (41)
[2016.01.21-22.08.16:551][ 97]LogModuleManager: Shutting down and abandoning module LinuxTargetPlatform (40)
[2016.01.21-22.08.16:551][ 97]LogModuleManager: Shutting down and abandoning module LinuxServerTargetPlatform (39)
[2016.01.21-22.08.16:551][ 97]LogModuleManager: Shutting down and abandoning module LinuxNoEditorTargetPlatform (38)
[2016.01.21-22.08.16:551][ 97]LogModuleManager: Shutting down and abandoning module Messaging (37)
[2016.01.21-22.08.16:551][ 97]LogModuleManager: Shutting down and abandoning module IOSTargetPlatform (36)
[2016.01.21-22.08.16:551][ 97]LogModuleManager: Shutting down and abandoning module HTML5TargetPlatform (35)
[2016.01.21-22.08.16:551][ 97]LogModuleManager: Shutting down and abandoning module Android_PVRTCTargetPlatform (34)
[2016.01.21-22.08.16:551][ 97]LogModuleManager: Shutting down and abandoning module Android_ETC2TargetPlatform (33)
[2016.01.21-22.08.16:551][ 97]LogModuleManager: Shutting down and abandoning module Android_ETC1TargetPlatform (32)
[2016.01.21-22.08.16:551][ 97]LogModuleManager: Shutting down and abandoning module Android_DXTTargetPlatform (31)
[2016.01.21-22.08.16:551][ 97]LogModuleManager: Shutting down and abandoning module Android_ATCTargetPlatform (30)
[2016.01.21-22.08.16:551][ 97]LogModuleManager: Shutting down and abandoning module Android_ASTCTargetPlatform (29)
[2016.01.21-22.08.16:551][ 97]LogModuleManager: Shutting down and abandoning module AndroidTargetPlatform (28)
[2016.01.21-22.08.16:551][ 97]LogModuleManager: Shutting down and abandoning module WindowsTargetPlatform (27)
[2016.01.21-22.08.16:551][ 97]LogModuleManager: Shutting down and abandoning module WindowsServerTargetPlatform (26)
[2016.01.21-22.08.16:551][ 97]LogModuleManager: Shutting down and abandoning module WindowsNoEditorTargetPlatform (25)
[2016.01.21-22.08.16:551][ 97]LogModuleManager: Shutting down and abandoning module WindowsClientTargetPlatform (24)
[2016.01.21-22.08.16:551][ 97]LogModuleManager: Shutting down and abandoning module AllDesktopTargetPlatform (23)
[2016.01.21-22.08.16:551][ 97]LogModuleManager: Shutting down and abandoning module TargetPlatform (22)
[2016.01.21-22.08.16:551][ 97]LogModuleManager: Shutting down and abandoning module InputCore (21)
[2016.01.21-22.08.16:551][ 97]LogModuleManager: Shutting down and abandoning module Settings (20)
[2016.01.21-22.08.16:551][ 97]LogModuleManager: Shutting down and abandoning module OnlineSubsystem (18)
[2016.01.21-22.08.16:551][ 97]LogModuleManager: Shutting down and abandoning module HTTP (17)
[2016.01.21-22.08.18:554][ 97]LogModuleManager: Shutting down and abandoning module XMPP (16)
[2016.01.21-22.08.18:554][ 97]LogModuleManager: Shutting down and abandoning module ExampleDeviceProfileSelector (15)
[2016.01.21-22.08.18:554][ 97]LogModuleManager: Shutting down and abandoning module TextureCompressor (14)
[2016.01.21-22.08.18:554][ 97]LogModuleManager: Shutting down and abandoning module ShaderCore (13)
[2016.01.21-22.08.18:554][ 97]LogModuleManager: Shutting down and abandoning module Landscape (12)
[2016.01.21-22.08.18:554][ 97]LogModuleManager: Shutting down and abandoning module SlateRHIRenderer (11)
[2016.01.21-22.08.18:554][ 97]LogModuleManager: Shutting down and abandoning module OpenGLDrv (10)
[2016.01.21-22.08.18:554][ 97]LogModuleManager: Shutting down and abandoning module D3D11RHI (9)
[2016.01.21-22.08.18:554][ 97]LogModuleManager: Shutting down and abandoning module AnimGraphRuntime (8)
[2016.01.21-22.08.18:554][ 97]LogModuleManager: Shutting down and abandoning module Renderer (7)
[2016.01.21-22.08.18:554][ 97]LogModuleManager: Shutting down and abandoning module Engine (6)
[2016.01.21-22.08.18:554][ 97]LogModuleManager: Shutting down and abandoning module CoreUObject (5)
[2016.01.21-22.08.18:554][ 97]LogModuleManager: Shutting down and abandoning module NetworkFile (4)
[2016.01.21-22.08.18:554][ 97]LogModuleManager: Shutting down and abandoning module StreamingFile (3)
[2016.01.21-22.08.18:554][ 97]LogModuleManager: Shutting down and abandoning module SandboxFile (2)
[2016.01.21-22.08.18:554][ 97]LogModuleManager: Shutting down and abandoning module PakFile (1)
[2016.01.21-22.08.18:555][ 97]LogExit: Exiting.
[2016.01.21-22.08.18:566][ 97]Log file closed, 01/21/16 23:08:18
